<?xml version="1.0" encoding="UTF-8"?>
<testng-results skipped="0" failed="0" ignored="0" total="1" passed="1">
  <reporter-output>
  </reporter-output>
  <suite name="Default suite" duration-ms="22655" started-at="2018-07-13T10:11:27Z" finished-at="2018-07-13T10:11:50Z">
    <groups>
    </groups>
    <test name="Default test" duration-ms="22655" started-at="2018-07-13T10:11:27Z" finished-at="2018-07-13T10:11:50Z">
      <class name="Tests.Sprint1USTest">
        <test-method status="PASS" signature="setUp()[pri:0, instance:Tests.Sprint1USTest@1e8284b]" name="setUp" is-config="true" duration-ms="6892" started-at="2018-07-13T10:11:27Z" finished-at="2018-07-13T10:11:34Z">
          <reporter-output>
          </reporter-output>
        </test-method> <!-- setUp -->
        <test-method status="PASS" signature="verifyContactUsValidation()[pri:0, instance:Tests.Sprint1USTest@1e8284b]" name="verifyContactUsValidation" duration-ms="14836" started-at="2018-07-13T10:11:34Z" description="Verify coty contact us configured in the website" finished-at="2018-07-13T10:11:49Z">
          <reporter-output>
          </reporter-output>
        </test-method> <!-- verifyContactUsValidation -->
        <test-method status="PASS" signature="tearDown()[pri:0, instance:Tests.Sprint1USTest@1e8284b]" name="tearDown" is-config="true" duration-ms="898" started-at="2018-07-13T10:11:49Z" finished-at="2018-07-13T10:11:50Z">
          <reporter-output>
          </reporter-output>
        </test-method> <!-- tearDown -->
      </class> <!-- Tests.Sprint1USTest -->
    </test> <!-- Default test -->
  </suite> <!-- Default suite -->
</testng-results>
