<?xml version="1.0" encoding="UTF-8"?>
<testng-results skipped="0" failed="0" ignored="0" total="1" passed="1">
  <reporter-output>
  </reporter-output>
  <suite name="Default suite" duration-ms="669940" started-at="2018-09-04T10:24:25Z" finished-at="2018-09-04T10:35:35Z">
    <groups>
    </groups>
    <test name="Default test" duration-ms="669940" started-at="2018-09-04T10:24:25Z" finished-at="2018-09-04T10:35:35Z">
      <class name="Tests.Sprint3USTest">
        <test-method status="PASS" signature="setUp()[pri:0, instance:Tests.Sprint3USTest@1e8284b]" name="setUp" is-config="true" duration-ms="5263" started-at="2018-09-04T10:24:25Z" finished-at="2018-09-04T10:24:30Z">
          <reporter-output>
          </reporter-output>
        </test-method> <!-- setUp -->
        <test-method status="PASS" signature="verifySocialMediaLinkOnFooter()[pri:0, instance:Tests.Sprint3USTest@1e8284b]" name="verifySocialMediaLinkOnFooter" duration-ms="663328" started-at="2018-09-04T10:24:30Z" description="Verify all the social media links in the footer section" finished-at="2018-09-04T10:35:33Z">
          <reporter-output>
          </reporter-output>
        </test-method> <!-- verifySocialMediaLinkOnFooter -->
        <test-method status="PASS" signature="tearDown()[pri:0, instance:Tests.Sprint3USTest@1e8284b]" name="tearDown" is-config="true" duration-ms="1329" started-at="2018-09-04T10:35:33Z" finished-at="2018-09-04T10:35:35Z">
          <reporter-output>
          </reporter-output>
        </test-method> <!-- tearDown -->
      </class> <!-- Tests.Sprint3USTest -->
    </test> <!-- Default test -->
  </suite> <!-- Default suite -->
</testng-results>
